[4mRunning "serve" task[24m

[4mRunning "clean:server" (clean) task[24m
[32m>> [39m1 path cleaned.

[4mRunning "less:server" (less) task[24m
[32m>> [39m1 stylesheet created.

[4mRunning "wiredep:app" (wiredep) task[24m

[4mRunning "wiredep:test" (wiredep) task[24m

[4mRunning "concurrent:server" (concurrent) task[24m
    
    [4mRunning "copy:styles" (copy) task[24m
    Copied 1 file
    
    [32mDone, without errors.[39m
    
    
    Execution Time (2017-02-03 09:20:06 UTC+1)
    loading tasks               746ms  ▇▇▇▇▇▇▇▇▇▇▇▇▇▇▇▇▇▇▇▇▇▇▇▇▇▇ 74%
    loading grunt-contrib-copy   86ms  ▇▇▇ 9%
    copy:styles                 165ms  ▇▇▇▇▇▇ 16%
    Total 1s
    
[4mRunning "postcss:server" (postcss) task[24m
[32m>> [39m1 processed stylesheet created.

[4mRunning "connect:livereload" (connect) task[24m
[31mFatal error: Port 9000 is already in use by another process.[39m


Execution Time (2017-02-03 09:19:59 UTC+1)
loading tasks                  818ms  ▇▇▇ 8%
loading grunt-contrib-less     827ms  ▇▇▇ 8%
less:server                     1.7s  ▇▇▇▇▇▇ 17%
wiredep:app                    626ms  ▇▇ 6%
wiredep:test                   228ms  ▇ 2%
concurrent:server               4.2s  ▇▇▇▇▇▇▇▇▇▇▇▇▇ 42%
loading grunt-postcss          402ms  ▇▇ 4%
postcss:server                 687ms  ▇▇▇ 7%
loading grunt-contrib-connect  278ms  ▇ 3%
Total 10s

39m


Execution Time (2017-02-03 09:20:05 UTC+1)
loading tasks                    1.5s  ▇▇▇▇▇▇▇▇▇▇▇▇▇ 43%
loading grunt-newer             198ms  ▇▇ 6%
newer:copy:styles                87ms  ▇ 3%
copy:styles                      60ms  ▇ 2%
newer-postrun:...-newer/.cache  354ms  ▇▇▇▇ 10%
loading grunt-postcss           247ms  ▇▇▇ 7%
postcss:server                  814ms  ▇▇▇▇▇▇▇▇ 23%
postcss:dist                    177ms  ▇▇ 5%
Total 3.5s

[36mCompleted in 5.962s at Fri Feb 03 2017 09:20:08 GMT+0100 (CET)[39m - Waiting...
[32m>> [39mFile ".tmp/styles/main.css" changed.
[32m>> [39mFile "app/less/main.less" changed.
[4mRunning "less:server" (less) task[24m
[32m>> [39m1 stylesheet created.

[32mDone, without errors.[39m


Execution Time (2017-02-03 09:34:04 UTC+1)
loading tasks               505ms  ▇▇▇▇▇▇▇▇▇▇▇▇ 35%
loading grunt-contrib-less  355ms  ▇▇▇▇▇▇▇▇▇ 25%
less:server                 571ms  ▇▇▇▇▇▇▇▇▇▇▇▇▇▇ 40%
Total 1.4s

[4mRunning "newer:copy:styles" (newer) task[24m

[4mRunning "copy:styles" (copy) task[24m
Copied 1 file

[4mRunning "newer-postrun:copy:styles:1:/home/chrx/myville/myville-frontend/node_modules/grunt-newer/.cache" (newer-postrun) task[24m

[4mRunning "postcss:server" (postcss) task[24m
[32m>> [39m1 processed stylesheet created.

[4mRunning "postcss:dist" (postcss) task[24m
[32m>> [39m1 processed stylesheet created.

[32mDone, without errors.[39m


Execution Time (2017-02-03 09:34:06 UTC+1)
loading tasks                   425ms  ▇▇▇▇▇▇▇▇ 25%
loading grunt-newer              76ms  ▇▇ 4%
newer:copy:styles                30ms  ▇ 2%
copy:styles                      22ms  ▇ 1%
newer-postrun:...-newer/.cache  204ms  ▇▇▇▇ 12%
loading grunt-postcss           224ms  ▇▇▇▇ 13%
postcss:server                  612ms  ▇▇▇▇▇▇▇▇▇▇▇ 36%
postcss:dist                    101ms  ▇▇ 6%
Total 1.7s

[36mCompleted in 7.568s at Fri Feb 03 2017 09:34:08 GMT+0100 (CET)[39m - Waiting...
[32m>> [39mFile "app/styles/main.css" changed.
[32m>> [39mFile ".tmp/styles/main.css" changed.
[32m>> [39mFile "app/less/main.less" changed.
[4mRunning "less:server" (less) task[24m
[32m>> [39m1 stylesheet created.

[32mDone, without errors.[39m


Execution Time (2017-02-03 09:37:06 UTC+1)
loading tasks               522ms  ▇▇▇▇▇▇▇▇▇▇▇▇ 34%
loading grunt-contrib-less  398ms  ▇▇▇▇▇▇▇▇▇ 26%
less:server                 597ms  ▇▇▇▇▇▇▇▇▇▇▇▇▇▇ 39%
Total 1.5s

[36mCompleted in 2.421s at Fri Feb 03 2017 09:37:08 GMT+0100 (CET)[39m - Waiting...
[32m>> [39mFile "app/styles/main.css" changed.
[4mRunning "newer:copy:styles" (newer) task[24m

[4mRunning "copy:styles" (copy) task[24m
Copied 1 file

[4mRunning "newer-postrun:copy:styles:1:/home/chrx/myville/myville-frontend/node_modules/grunt-newer/.cache" (newer-postrun) task[24m

[4mRunning "postcss:server" (postcss) task[24m
[32m>> [39m1 processed stylesheet created.

[4mRunning "postcss:dist" (postcss) task[24m
[32m>> [39m1 processed stylesheet created.

[32mDone, without errors.[39m


Execution Time (2017-02-03 09:37:09 UTC+1)
loading tasks                   449ms  ▇▇▇▇▇▇▇▇▇▇ 31%
loading grunt-newer              75ms  ▇▇ 5%
newer:copy:styles                33ms  ▇ 2%
copy:styles                      21ms  ▇ 1%
newer-postrun:...-newer/.cache  205ms  ▇▇▇▇▇ 14%
loading grunt-postcss           133ms  ▇▇▇ 9%
postcss:server                  421ms  ▇▇▇▇▇▇▇▇▇ 29%
postcss:dist                     99ms  ▇▇▇ 7%
Total 1.4s

[36mCompleted in 2.335s at Fri Feb 03 2017 09:37:10 GMT+0100 (CET)[39m - Waiting...
